<?xml version="1.0" encoding="UTF-8"?>
<testng-results ignored="0" total="1" passed="1" failed="0" skipped="0">
  <reporter-output>
  </reporter-output>
  <suite started-at="2022-02-01T15:43:12 IST" name="Default suite" finished-at="2022-02-01T15:43:47 IST" duration-ms="35277">
    <groups>
      <group name="regressionTest">
        <method signature="CreatePurchaseOrderSelectSupportGroupTest.createPurchaseOrderSelectSupportGroup()[pri:0, instance:purchaseorderTest.CreatePurchaseOrderSelectSupportGroupTest@18d87d80]" name="createPurchaseOrderSelectSupportGroup" class="purchaseorderTest.CreatePurchaseOrderSelectSupportGroupTest"/>
      </group> <!-- regressionTest -->
    </groups>
    <test started-at="2022-02-01T15:43:12 IST" name="Default test" finished-at="2022-02-01T15:43:47 IST" duration-ms="35277">
      <class name="purchaseorderTest.CreatePurchaseOrderSelectSupportGroupTest">
        <test-method is-config="true" signature="configBs()[pri:0, instance:purchaseorderTest.CreatePurchaseOrderSelectSupportGroupTest@18d87d80]" started-at="2022-02-01T15:43:12 IST" name="configBs" finished-at="2022-02-01T15:43:12 IST" duration-ms="18" status="PASS">
          <reporter-output>
          </reporter-output>
        </test-method> <!-- configBs -->
        <test-method is-config="true" signature="configBc()[pri:0, instance:purchaseorderTest.CreatePurchaseOrderSelectSupportGroupTest@18d87d80]" started-at="2022-02-01T15:43:12 IST" name="configBc" finished-at="2022-02-01T15:43:17 IST" duration-ms="5459" status="PASS">
          <reporter-output>
          </reporter-output>
        </test-method> <!-- configBc -->
        <test-method is-config="true" signature="configBm()[pri:0, instance:purchaseorderTest.CreatePurchaseOrderSelectSupportGroupTest@18d87d80]" started-at="2022-02-01T15:43:17 IST" name="configBm" finished-at="2022-02-01T15:43:21 IST" duration-ms="4087" status="PASS">
          <reporter-output>
          </reporter-output>
        </test-method> <!-- configBm -->
        <test-method signature="createPurchaseOrderSelectSupportGroup()[pri:0, instance:purchaseorderTest.CreatePurchaseOrderSelectSupportGroupTest@18d87d80]" started-at="2022-02-01T15:43:21 IST" name="createPurchaseOrderSelectSupportGroup" finished-at="2022-02-01T15:43:46 IST" duration-ms="25215" status="PASS">
          <reporter-output>
          </reporter-output>
        </test-method> <!-- createPurchaseOrderSelectSupportGroup -->
        <test-method is-config="true" signature="configAm()[pri:0, instance:purchaseorderTest.CreatePurchaseOrderSelectSupportGroupTest@18d87d80]" started-at="2022-02-01T15:43:46 IST" name="configAm" finished-at="2022-02-01T15:43:47 IST" duration-ms="64" status="PASS">
          <reporter-output>
          </reporter-output>
        </test-method> <!-- configAm -->
        <test-method is-config="true" signature="configAC()[pri:0, instance:purchaseorderTest.CreatePurchaseOrderSelectSupportGroupTest@18d87d80]" started-at="2022-02-01T15:43:47 IST" name="configAC" finished-at="2022-02-01T15:43:47 IST" duration-ms="368" status="PASS">
          <reporter-output>
          </reporter-output>
        </test-method> <!-- configAC -->
        <test-method is-config="true" signature="configAs()[pri:0, instance:purchaseorderTest.CreatePurchaseOrderSelectSupportGroupTest@18d87d80]" started-at="2022-02-01T15:43:47 IST" name="configAs" finished-at="2022-02-01T15:43:47 IST" duration-ms="1" status="PASS">
          <reporter-output>
          </reporter-output>
        </test-method> <!-- configAs -->
      </class> <!-- purchaseorderTest.CreatePurchaseOrderSelectSupportGroupTest -->
    </test> <!-- Default test -->
  </suite> <!-- Default suite -->
</testng-results>
